Base path: C:/Program Files (x86)/Unity/Editor/Data
Pipe name: \\.\pipe\UnityShaderCompiler-1-3580
Cmd: getPlatforms
Cmd: preprocess
  insize=1572 outsize=888 ok=1
Cmd: compileSnippet
  api=4 type=0 insize=986 outsize=1274 kw= ok=1
Cmd: compileSnippet
  api=4 type=1 insize=986 outsize=795 kw= ok=1
Cmd: preprocess
  insize=1802 outsize=901 ok=1
Cmd: compileSnippet
  api=4 type=0 insize=1203 outsize=1388 kw= ok=1
Cmd: compileSnippet
  api=4 type=1 insize=1203 outsize=1168 kw= ok=1
Cmd: preprocess
  insize=219 outsize=219 ok=1
Cmd: preprocess
  insize=1524 outsize=504 ok=1
Cmd: compileSnippet
  api=4 type=0 insize=1322 outsize=1388 kw= ok=1
Cmd: compileSnippet
  api=4 type=1 insize=1322 outsize=1737 kw= ok=1
Cmd: preprocess
  insize=1452 outsize=480 ok=1
Cmd: compileSnippet
  api=4 type=0 insize=1274 outsize=1388 kw= ok=1
Cmd: compileSnippet
  api=4 type=1 insize=1274 outsize=1136 kw= ok=1
Cmd: preprocess
  insize=480 outsize=480 ok=1
Cmd: preprocess
  insize=1835 outsize=877 ok=1
Cmd: compileSnippet
  api=4 type=0 insize=1260 outsize=1388 kw= ok=1
Cmd: compileSnippet
  api=4 type=1 insize=1260 outsize=1136 kw= ok=1
Cmd: preprocess
  insize=1477 outsize=830 ok=1
Cmd: compileSnippet
  api=4 type=0 insize=949 outsize=1274 kw= ok=1
Cmd: compileSnippet
  api=4 type=1 insize=949 outsize=795 kw= ok=1
Cmd: preprocess
  insize=1463 outsize=504 ok=1
Cmd: compileSnippet
  api=4 type=0 insize=1260 outsize=1388 kw= ok=1
Cmd: compileSnippet
  api=4 type=1 insize=1260 outsize=1705 kw= ok=1
Cmd: preprocess
  insize=1875 outsize=895 ok=1
Cmd: compileSnippet
  api=4 type=0 insize=1282 outsize=1388 kw= ok=1
Cmd: compileSnippet
  api=4 type=1 insize=1282 outsize=1128 kw= ok=1
Cmd: preprocess
  insize=1805 outsize=885 ok=1
Cmd: compileSnippet
  api=4 type=0 insize=1222 outsize=1388 kw= ok=1
Cmd: compileSnippet
  api=4 type=1 insize=1222 outsize=1168 kw= ok=1
Cmd: preprocess
  insize=1421 outsize=505 ok=1
Cmd: compileSnippet
  api=4 type=0 insize=1218 outsize=1388 kw= ok=1
Cmd: compileSnippet
  api=4 type=1 insize=1218 outsize=1168 kw= ok=1
Cmd: preprocess
  insize=3042 outsize=1804 ok=1
Cmd: compileSnippet
  api=4 type=0 insize=5491 outsize=3980 kw=DIRECTIONAL SHADOWS_OFF LIGHTMAP_OFF DIRLIGHTMAP_OFF ok=1
Cmd: compileSnippet
  api=4 type=1 insize=5491 outsize=2737 kw=DIRECTIONAL SHADOWS_OFF LIGHTMAP_OFF DIRLIGHTMAP_OFF ok=1
Cmd: compileSnippet
  api=4 type=0 insize=3334 outsize=3630 kw=POINT ok=1
Cmd: compileSnippet
  api=4 type=1 insize=3334 outsize=3053 kw=POINT ok=1
Cmd: compileSnippet
  api=4 type=0 insize=5370 outsize=3094 kw=DIRECTIONAL SHADOWS_OFF LIGHTMAP_OFF DIRLIGHTMAP_OFF ok=1
Cmd: compileSnippet
  api=4 type=1 insize=5370 outsize=2290 kw=DIRECTIONAL SHADOWS_OFF LIGHTMAP_OFF DIRLIGHTMAP_OFF ok=1
Cmd: compileSnippet
  api=4 type=0 insize=3313 outsize=3053 kw=POINT ok=1
Cmd: compileSnippet
  api=4 type=1 insize=3313 outsize=2631 kw=POINT ok=1
Cmd: preprocess
  insize=1871 outsize=896 ok=1
Cmd: compileSnippet
  api=4 type=0 insize=1277 outsize=1388 kw= ok=1
Cmd: compileSnippet
  api=4 type=1 insize=1277 outsize=1120 kw= ok=1
Cmd: preprocess
  insize=1891 outsize=860 ok=1
Cmd: compileSnippet
  api=4 type=0 insize=1333 outsize=1388 kw= ok=1
Cmd: compileSnippet
  api=4 type=1 insize=1333 outsize=1136 kw= ok=1
Cmd: preprocess
  insize=435 outsize=435 ok=1
Cmd: preprocess
  insize=1513 outsize=859 ok=1
Cmd: compileSnippet
  api=4 type=0 insize=956 outsize=1274 kw= ok=1
Cmd: compileSnippet
  api=4 type=1 insize=956 outsize=754 kw= ok=1
Cmd: preprocess
  insize=5978 outsize=3432 ok=1
Cmd: compileSnippet
  api=4 type=0 insize=7115 outsize=4573 kw=DIRECTIONAL LIGHTMAP_OFF DIRLIGHTMAP_OFF ok=1
Cmd: compileSnippet
  api=4 type=1 insize=7115 outsize=3752 kw=DIRECTIONAL LIGHTMAP_OFF DIRLIGHTMAP_OFF ok=1
Cmd: compileSnippet
  api=4 type=0 insize=4847 outsize=4223 kw=POINT ok=1
Cmd: compileSnippet
  api=4 type=1 insize=4847 outsize=4077 kw=POINT ok=1
Cmd: compileSnippet
  api=4 type=0 insize=6012 outsize=4126 kw=DIRECTIONAL LIGHTMAP_OFF DIRLIGHTMAP_OFF ok=1
Cmd: compileSnippet
  api=4 type=1 insize=6012 outsize=3265 kw=DIRECTIONAL LIGHTMAP_OFF DIRLIGHTMAP_OFF ok=1
Cmd: compileSnippet
  api=4 type=0 insize=3811 outsize=3777 kw=POINT ok=1
Cmd: compileSnippet
  api=4 type=1 insize=3811 outsize=3590 kw=POINT ok=1
Cmd: compileSnippet
  api=4 type=0 insize=5336 outsize=3240 kw=DIRECTIONAL LIGHTMAP_OFF DIRLIGHTMAP_OFF ok=1
Cmd: compileSnippet
  api=4 type=1 insize=5336 outsize=1859 kw=DIRECTIONAL LIGHTMAP_OFF DIRLIGHTMAP_OFF ok=1
Cmd: compileSnippet
  api=4 type=0 insize=2853 outsize=3200 kw=POINT ok=1
Cmd: compileSnippet
  api=4 type=1 insize=2853 outsize=2217 kw=POINT ok=1
Cmd: preprocess
  insize=1524 outsize=883 ok=1
Cmd: compileSnippet
  api=4 type=0 insize=942 outsize=1193 kw= ok=1
Cmd: compileSnippet
  api=4 type=1 insize=942 outsize=754 kw= ok=1
Cmd: preprocess
  insize=2361 outsize=2258 ok=1
Cmd: compileSnippet
  api=4 type=0 insize=5593 outsize=3980 kw=DIRECTIONAL SHADOWS_OFF LIGHTMAP_OFF DIRLIGHTMAP_OFF ok=1
Cmd: compileSnippet
  api=4 type=1 insize=5593 outsize=2964 kw=DIRECTIONAL SHADOWS_OFF LIGHTMAP_OFF DIRLIGHTMAP_OFF ok=1
Cmd: compileSnippet
  api=4 type=0 insize=3436 outsize=3630 kw=POINT ok=1
Cmd: compileSnippet
  api=4 type=1 insize=3436 outsize=3281 kw=POINT ok=1
Cmd: compileSnippet
  api=4 type=0 insize=4351 outsize=2607 kw=DIRECTIONAL SHADOWS_OFF LIGHTMAP_OFF DIRLIGHTMAP_OFF ok=1
Cmd: compileSnippet
  api=4 type=1 insize=4351 outsize=1412 kw=DIRECTIONAL SHADOWS_OFF LIGHTMAP_OFF DIRLIGHTMAP_OFF ok=1
Cmd: compileSnippet
  api=4 type=0 insize=2326 outsize=2875 kw=POINT ok=1
Cmd: compileSnippet
  api=4 type=1 insize=2326 outsize=1705 kw=POINT ok=1
Cmd: compileSnippet
  api=4 type=0 insize=1854 outsize=1477 kw= ok=1
Cmd: compileSnippet
  api=4 type=1 insize=1854 outsize=632 kw= ok=1
Cmd: compileSnippet
  api=4 type=0 insize=4067 outsize=2883 kw=LIGHTMAP_OFF DIRLIGHTMAP_OFF HDR_LIGHT_PREPASS_OFF ok=1
Cmd: compileSnippet
  api=4 type=1 insize=4067 outsize=1355 kw=LIGHTMAP_OFF DIRLIGHTMAP_OFF HDR_LIGHT_PREPASS_OFF ok=1
Cmd: preprocess
  insize=1242 outsize=493 ok=1
Cmd: compileSnippet
  api=4 type=0 insize=1051 outsize=1193 kw= ok=1
Cmd: compileSnippet
  api=4 type=1 insize=1051 outsize=1363 kw= ok=1
Cmd: preprocess
  insize=1668 outsize=929 ok=1
Cmd: compileSnippet
  api=4 type=0 insize=1041 outsize=1274 kw= ok=1
Cmd: compileSnippet
  api=4 type=1 insize=1041 outsize=990 kw= ok=1
Cmd: compileSnippet
  api=4 type=0 insize=3334 outsize=2850 kw=DIRECTIONAL ok=1
Cmd: compileSnippet
  api=4 type=1 insize=3334 outsize=2582 kw=DIRECTIONAL ok=1
Cmd: compileSnippet
  api=4 type=0 insize=3436 outsize=2850 kw=DIRECTIONAL ok=1
Cmd: compileSnippet
  api=4 type=1 insize=3436 outsize=2810 kw=DIRECTIONAL ok=1
Cmd: compileSnippet
  api=4 type=0 insize=3811 outsize=2997 kw=DIRECTIONAL ok=1
Cmd: compileSnippet
  api=4 type=1 insize=3811 outsize=3118 kw=DIRECTIONAL ok=1
Cmd: preprocess
  insize=1563 outsize=502 ok=1
Cmd: compileSnippet
  api=4 type=0 insize=1362 outsize=1274 kw= ok=1
Cmd: compileSnippet
  api=4 type=1 insize=1362 outsize=1120 kw= ok=1
Cmd: preprocess
  insize=2061 outsize=908 ok=1
Cmd: compileSnippet
  api=4 type=0 insize=1455 outsize=1388 kw= ok=1
Cmd: compileSnippet
  api=4 type=1 insize=1455 outsize=1428 kw= ok=1
Cmd: preprocess
  insize=1449 outsize=453 ok=1
Cmd: compileSnippet
  api=4 type=0 insize=1298 outsize=1274 kw= ok=1
Cmd: compileSnippet
  api=4 type=1 insize=1298 outsize=1095 kw= ok=1
